<?xml version="1.0" encoding="UTF-8"?>
<!-- Generated by org.testng.reporters.JUnitReportReporter -->
<testsuite hostname="LM0000794" failures="0" tests="1" name="runner.TestNgRunner" time="4.234" errors="0" timestamp="27 Aug 2018 10:03:51 GMT" skipped="0">
  <testcase classname="runner.TestNgRunner" name="feature" time="4.234"/>
</testsuite> <!-- runner.TestNgRunner -->
